<?xml version="1.0" encoding="UTF-8"?>
<!-- Generated by org.testng.reporters.JUnitReportReporter -->
<testsuite hostname="DESKTOP-N6KICR9" failures="0" tests="1" name="Testcases.CarLoansTest" time="0.003" errors="0" timestamp="16 Apr 2023 04:26:57 GMT" skipped="0">
  <testcase classname="Testcases.CarLoansTest" name="test4" time="0.003"/>
</testsuite> <!-- Testcases.CarLoansTest -->
