<?xml version="1.0" encoding="UTF-8"?>
<!-- Generated by org.testng.reporters.JUnitReportReporter -->
<testsuite hostname="DESKTOP-N6KICR9" failures="0" tests="1" name="Testcases.HomeLoanTest" time="0.001" errors="0" timestamp="16 Apr 2023 04:53:19 GMT" skipped="0">
  <testcase classname="Testcases.HomeLoanTest" name="test2" time="0.001"/>
</testsuite> <!-- Testcases.HomeLoanTest -->
